<?xml version="1.0" encoding="UTF-8"?>
<!-- Generated by org.testng.reporters.JUnitReportReporter -->
<testsuite hostname="LAPTOP-DGIF1VTS" failures="0" tests="2" name="testng.getStarted" time="0.012" errors="0" timestamp="2022-03-15T00:45:11 IST" skipped="0">
  <testcase classname="testng.getStarted" name="start" time="0.010"/>
  <system-out/>
  <testcase classname="testng.getStarted" name="test" time="0.002"/>
  <system-out/>
</testsuite> <!-- testng.getStarted -->
