<?xml version="1.0" encoding="UTF-8"?>
<!-- Generated by org.testng.reporters.JUnitReportReporter -->
<testsuite hostname="LAPTOP-DGIF1VTS" failures="0" tests="1" name="testngsample.classone" time="0.002" errors="0" timestamp="2022-03-22T17:49:18 IST" skipped="0">
  <testcase classname="testngsample.classone" name="testmeothod" time="0.002"/>
  <system-out/>
</testsuite> <!-- testngsample.classone -->
