<?xml version="1.0" encoding="UTF-8"?>
<!-- Generated by org.testng.reporters.JUnitReportReporter -->
<testsuite hostname="LAPTOP-DGIF1VTS" failures="0" tests="1" name="testngsample.Hierarchy" time="0.012" errors="0" timestamp="2022-03-22T17:49:18 IST" skipped="0">
  <testcase classname="testngsample.Hierarchy" name="test" time="0.012"/>
  <system-out/>
</testsuite> <!-- testngsample.Hierarchy -->
