<?xml version="1.0" encoding="UTF-8"?>
<!-- Generated by org.testng.reporters.JUnitReportReporter -->
<testsuite hostname="LAPTOP-DGIF1VTS" failures="0" tests="6" name="testngsample.multipletestcase" time="0.029" errors="0" timestamp="2022-03-22T18:58:40 IST" skipped="0">
  <testcase classname="testngsample.multipletestcase" name="gamaone" time="0.002"/>
  <system-out/>
  <testcase classname="testngsample.multipletestcase" name="aplhaone" time="0.016"/>
  <system-out/>
  <testcase classname="testngsample.multipletestcase" name="betaaone" time="0.002"/>
  <system-out/>
  <testcase classname="testngsample.multipletestcase" name="beta" time="0.003"/>
  <system-out/>
  <testcase classname="testngsample.multipletestcase" name="gama" time="0.003"/>
  <system-out/>
  <testcase classname="testngsample.multipletestcase" name="alpha" time="0.003"/>
  <system-out/>
</testsuite> <!-- testngsample.multipletestcase -->
