<?xml version="1.0" encoding="UTF-8"?>
<!-- Generated by org.testng.reporters.JUnitReportReporter -->
<testsuite skipped="0" hostname="LAPTOP-DGIF1VTS" name="testngsample.classoneTest" tests="1" failures="0" timestamp="2022-03-25T00:28:44 IST" time="0.002" errors="0">
  <testcase name="testmeothod" time="0.002" classname="testngsample.classoneTest"/>
  <system-out/>
</testsuite> <!-- testngsample.classoneTest -->
