<?xml version="1.0" encoding="UTF-8"?>
<!-- Generated by org.testng.reporters.JUnitReportReporter -->
<testsuite skipped="0" hostname="LAPTOP-DGIF1VTS" name="testngsample.multipletestcase" tests="6" failures="0" timestamp="2022-03-25T00:01:02 IST" time="0.005" errors="0">
  <testcase name="betaaone" time="0.000" classname="testngsample.multipletestcase"/>
  <system-out/>
  <testcase name="aplhaone" time="0.005" classname="testngsample.multipletestcase"/>
  <system-out/>
  <testcase name="gamaone" time="0.000" classname="testngsample.multipletestcase"/>
  <system-out/>
  <testcase name="gama" time="0.000" classname="testngsample.multipletestcase"/>
  <system-out/>
  <testcase name="beta" time="0.000" classname="testngsample.multipletestcase"/>
  <system-out/>
  <testcase name="alpha" time="0.000" classname="testngsample.multipletestcase"/>
  <system-out/>
</testsuite> <!-- testngsample.multipletestcase -->
