<?xml version="1.0" encoding="UTF-8"?>
<testsuite xmlns:xsi="http://www.w3.org/2001/XMLSchema-instance" xsi:noNamespaceSchemaLocation="https://maven.apache.org/surefire/maven-surefire-plugin/xsd/surefire-test-report-3.0.xsd" version="3.0" name="TestSuite" time="6.563" tests="11" errors="0" skipped="1" failures="1">
  <properties>
    <property name="sun.desktop" value="windows"/>
    <property name="awt.toolkit" value="sun.awt.windows.WToolkit"/>
    <property name="file.encoding.pkg" value="sun.io"/>
    <property name="java.specification.version" value="1.8"/>
    <property name="webdriver.chrome.driver" value="C:\Users\Surbhi\.cache\selenium\chromedriver\win32\99.0.4844.51\chromedriver.exe"/>
    <property name="sun.cpu.isalist" value="amd64"/>
    <property name="sun.jnu.encoding" value="Cp1252"/>
    <property name="java.class.path" value="C:\Users\Surbhi\eclipse-workspace\TestNgFramework\target\test-classes;C:\Users\Surbhi\eclipse-workspace\TestNgFramework\target\classes;C:\Users\Surbhi\.m2\repository\org\seleniumhq\selenium\selenium-java\4.0.0-rc-3\selenium-java-4.0.0-rc-3.jar;C:\Users\Surbhi\.m2\repository\org\seleniumhq\selenium\selenium-api\4.0.0-rc-3\selenium-api-4.0.0-rc-3.jar;C:\Users\Surbhi\.m2\repository\org\seleniumhq\selenium\selenium-chrome-driver\4.0.0-rc-3\selenium-chrome-driver-4.0.0-rc-3.jar;C:\Users\Surbhi\.m2\repository\com\google\auto\service\auto-service-annotations\1.0\auto-service-annotations-1.0.jar;C:\Users\Surbhi\.m2\repository\com\google\auto\service\auto-service\1.0\auto-service-1.0.jar;C:\Users\Surbhi\.m2\repository\com\google\auto\auto-common\1.0\auto-common-1.0.jar;C:\Users\Surbhi\.m2\repository\org\seleniumhq\selenium\selenium-chromium-driver\4.0.0-rc-3\selenium-chromium-driver-4.0.0-rc-3.jar;C:\Users\Surbhi\.m2\repository\org\seleniumhq\selenium\selenium-json\4.0.0-rc-3\selenium-json-4.0.0-rc-3.jar;C:\Users\Surbhi\.m2\repository\org\seleniumhq\selenium\selenium-devtools-v85\4.0.0-rc-3\selenium-devtools-v85-4.0.0-rc-3.jar;C:\Users\Surbhi\.m2\repository\org\seleniumhq\selenium\selenium-devtools-v93\4.0.0-rc-3\selenium-devtools-v93-4.0.0-rc-3.jar;C:\Users\Surbhi\.m2\repository\org\seleniumhq\selenium\selenium-devtools-v94\4.0.0-rc-3\selenium-devtools-v94-4.0.0-rc-3.jar;C:\Users\Surbhi\.m2\repository\org\seleniumhq\selenium\selenium-devtools-v95\4.0.0-rc-3\selenium-devtools-v95-4.0.0-rc-3.jar;C:\Users\Surbhi\.m2\repository\org\seleniumhq\selenium\selenium-edge-driver\4.0.0-rc-3\selenium-edge-driver-4.0.0-rc-3.jar;C:\Users\Surbhi\.m2\repository\org\seleniumhq\selenium\selenium-firefox-driver\4.0.0-rc-3\selenium-firefox-driver-4.0.0-rc-3.jar;C:\Users\Surbhi\.m2\repository\org\seleniumhq\selenium\selenium-firefox-xpi-driver\4.0.0-rc-3\selenium-firefox-xpi-driver-4.0.0-rc-3.jar;C:\Users\Surbhi\.m2\repository\org\seleniumhq\selenium\selenium-ie-driver\4.0.0-rc-3\selenium-ie-driver-4.0.0-rc-3.jar;C:\Users\Surbhi\.m2\repository\org\seleniumhq\selenium\selenium-opera-driver\4.0.0-rc-3\selenium-opera-driver-4.0.0-rc-3.jar;C:\Users\Surbhi\.m2\repository\org\seleniumhq\selenium\selenium-remote-driver\4.0.0-rc-3\selenium-remote-driver-4.0.0-rc-3.jar;C:\Users\Surbhi\.m2\repository\io\netty\netty-buffer\4.1.68.Final\netty-buffer-4.1.68.Final.jar;C:\Users\Surbhi\.m2\repository\io\netty\netty-codec-http\4.1.67.Final\netty-codec-http-4.1.67.Final.jar;C:\Users\Surbhi\.m2\repository\io\netty\netty-codec\4.1.67.Final\netty-codec-4.1.67.Final.jar;C:\Users\Surbhi\.m2\repository\io\netty\netty-handler\4.1.67.Final\netty-handler-4.1.67.Final.jar;C:\Users\Surbhi\.m2\repository\io\netty\netty-common\4.1.68.Final\netty-common-4.1.68.Final.jar;C:\Users\Surbhi\.m2\repository\io\netty\netty-transport-native-epoll\4.1.67.Final\netty-transport-native-epoll-4.1.67.Final.jar;C:\Users\Surbhi\.m2\repository\io\netty\netty-transport-native-kqueue\4.1.67.Final\netty-transport-native-kqueue-4.1.67.Final.jar;C:\Users\Surbhi\.m2\repository\io\netty\netty-transport-native-unix-common\4.1.67.Final\netty-transport-native-unix-common-4.1.67.Final.jar;C:\Users\Surbhi\.m2\repository\io\netty\netty-transport\4.1.68.Final\netty-transport-4.1.68.Final.jar;C:\Users\Surbhi\.m2\repository\io\netty\netty-resolver\4.1.68.Final\netty-resolver-4.1.68.Final.jar;C:\Users\Surbhi\.m2\repository\io\opentelemetry\opentelemetry-api\1.6.0\opentelemetry-api-1.6.0.jar;C:\Users\Surbhi\.m2\repository\io\opentelemetry\opentelemetry-context\1.6.0\opentelemetry-context-1.6.0.jar;C:\Users\Surbhi\.m2\repository\io\opentelemetry\opentelemetry-exporter-logging\1.6.0\opentelemetry-exporter-logging-1.6.0.jar;C:\Users\Surbhi\.m2\repository\io\opentelemetry\opentelemetry-sdk-metrics\1.6.0-alpha\opentelemetry-sdk-metrics-1.6.0-alpha.jar;C:\Users\Surbhi\.m2\repository\io\opentelemetry\opentelemetry-sdk-common\1.6.0\opentelemetry-sdk-common-1.6.0.jar;C:\Users\Surbhi\.m2\repository\io\opentelemetry\opentelemetry-sdk-extension-autoconfigure-spi\1.6.0\opentelemetry-sdk-extension-autoconfigure-spi-1.6.0.jar;C:\Users\Surbhi\.m2\repository\io\opentelemetry\opentelemetry-sdk-extension-autoconfigure\1.6.0-alpha\opentelemetry-sdk-extension-autoconfigure-1.6.0-alpha.jar;C:\Users\Surbhi\.m2\repository\io\opentelemetry\opentelemetry-sdk-trace\1.6.0\opentelemetry-sdk-trace-1.6.0.jar;C:\Users\Surbhi\.m2\repository\io\opentelemetry\opentelemetry-api-metrics\1.6.0-alpha\opentelemetry-api-metrics-1.6.0-alpha.jar;C:\Users\Surbhi\.m2\repository\io\opentelemetry\opentelemetry-sdk\1.6.0\opentelemetry-sdk-1.6.0.jar;C:\Users\Surbhi\.m2\repository\io\opentelemetry\opentelemetry-semconv\1.6.0-alpha\opentelemetry-semconv-1.6.0-alpha.jar;C:\Users\Surbhi\.m2\repository\io\ous\jtoml\2.0.0\jtoml-2.0.0.jar;C:\Users\Surbhi\.m2\repository\net\bytebuddy\byte-buddy\1.11.19\byte-buddy-1.11.19.jar;C:\Users\Surbhi\.m2\repository\org\apache\commons\commons-exec\1.3\commons-exec-1.3.jar;C:\Users\Surbhi\.m2\repository\org\asynchttpclient\async-http-client\2.12.3\async-http-client-2.12.3.jar;C:\Users\Surbhi\.m2\repository\org\asynchttpclient\async-http-client-netty-utils\2.12.3\async-http-client-netty-utils-2.12.3.jar;C:\Users\Surbhi\.m2\repository\io\netty\netty-codec-socks\4.1.60.Final\netty-codec-socks-4.1.60.Final.jar;C:\Users\Surbhi\.m2\repository\io\netty\netty-handler-proxy\4.1.60.Final\netty-handler-proxy-4.1.60.Final.jar;C:\Users\Surbhi\.m2\repository\io\netty\netty-transport-native-epoll\4.1.60.Final\netty-transport-native-epoll-4.1.60.Final-linux-x86_64.jar;C:\Users\Surbhi\.m2\repository\io\netty\netty-transport-native-kqueue\4.1.60.Final\netty-transport-native-kqueue-4.1.60.Final-osx-x86_64.jar;C:\Users\Surbhi\.m2\repository\org\reactivestreams\reactive-streams\1.0.3\reactive-streams-1.0.3.jar;C:\Users\Surbhi\.m2\repository\com\typesafe\netty\netty-reactive-streams\2.0.4\netty-reactive-streams-2.0.4.jar;C:\Users\Surbhi\.m2\repository\com\sun\activation\jakarta.activation\1.2.2\jakarta.activation-1.2.2.jar;C:\Users\Surbhi\.m2\repository\org\seleniumhq\selenium\selenium-http\4.0.0-rc-3\selenium-http-4.0.0-rc-3.jar;C:\Users\Surbhi\.m2\repository\org\seleniumhq\selenium\selenium-safari-driver\4.0.0-rc-3\selenium-safari-driver-4.0.0-rc-3.jar;C:\Users\Surbhi\.m2\repository\org\seleniumhq\selenium\selenium-support\4.0.0-rc-3\selenium-support-4.0.0-rc-3.jar;C:\Users\Surbhi\.m2\repository\org\testng\testng\7.4.0\testng-7.4.0.jar;C:\Users\Surbhi\.m2\repository\com\beust\jcommander\1.78\jcommander-1.78.jar;C:\Users\Surbhi\.m2\repository\org\webjars\jquery\3.5.1\jquery-3.5.1.jar;C:\Users\Surbhi\.m2\repository\io\github\bonigarcia\webdrivermanager\5.0.3\webdrivermanager-5.0.3.jar;C:\Users\Surbhi\.m2\repository\org\slf4j\slf4j-api\1.7.32\slf4j-api-1.7.32.jar;C:\Users\Surbhi\.m2\repository\com\google\code\gson\gson\2.8.8\gson-2.8.8.jar;C:\Users\Surbhi\.m2\repository\org\jsoup\jsoup\1.14.2\jsoup-1.14.2.jar;C:\Users\Surbhi\.m2\repository\com\github\docker-java\docker-java\3.2.12\docker-java-3.2.12.jar;C:\Users\Surbhi\.m2\repository\com\github\docker-java\docker-java-core\3.2.12\docker-java-core-3.2.12.jar;C:\Users\Surbhi\.m2\repository\com\github\docker-java\docker-java-api\3.2.12\docker-java-api-3.2.12.jar;C:\Users\Surbhi\.m2\repository\com\fasterxml\jackson\core\jackson-annotations\2.10.3\jackson-annotations-2.10.3.jar;C:\Users\Surbhi\.m2\repository\commons-io\commons-io\2.6\commons-io-2.6.jar;C:\Users\Surbhi\.m2\repository\org\apache\commons\commons-compress\1.21\commons-compress-1.21.jar;C:\Users\Surbhi\.m2\repository\commons-lang\commons-lang\2.6\commons-lang-2.6.jar;C:\Users\Surbhi\.m2\repository\com\fasterxml\jackson\core\jackson-databind\2.10.3\jackson-databind-2.10.3.jar;C:\Users\Surbhi\.m2\repository\com\fasterxml\jackson\core\jackson-core\2.10.3\jackson-core-2.10.3.jar;C:\Users\Surbhi\.m2\repository\org\bouncycastle\bcpkix-jdk15on\1.64\bcpkix-jdk15on-1.64.jar;C:\Users\Surbhi\.m2\repository\org\bouncycastle\bcprov-jdk15on\1.64\bcprov-jdk15on-1.64.jar;C:\Users\Surbhi\.m2\repository\org\slf4j\jcl-over-slf4j\1.7.30\jcl-over-slf4j-1.7.30.jar;C:\Users\Surbhi\.m2\repository\com\github\docker-java\docker-java-transport-httpclient5\3.2.12\docker-java-transport-httpclient5-3.2.12.jar;C:\Users\Surbhi\.m2\repository\com\github\docker-java\docker-java-transport\3.2.12\docker-java-transport-3.2.12.jar;C:\Users\Surbhi\.m2\repository\org\apache\httpcomponents\client5\httpclient5\5.0.3\httpclient5-5.0.3.jar;C:\Users\Surbhi\.m2\repository\org\apache\httpcomponents\core5\httpcore5\5.0.2\httpcore5-5.0.2.jar;C:\Users\Surbhi\.m2\repository\commons-codec\commons-codec\1.13\commons-codec-1.13.jar;C:\Users\Surbhi\.m2\repository\net\java\dev\jna\jna\5.8.0\jna-5.8.0.jar;C:\Users\Surbhi\.m2\repository\com\google\guava\guava\30.1.1-jre\guava-30.1.1-jre.jar;C:\Users\Surbhi\.m2\repository\com\google\guava\failureaccess\1.0.1\failureaccess-1.0.1.jar;C:\Users\Surbhi\.m2\repository\com\google\guava\listenablefuture\9999.0-empty-to-avoid-conflict-with-guava\listenablefuture-9999.0-empty-to-avoid-conflict-with-guava.jar;C:\Users\Surbhi\.m2\repository\com\google\code\findbugs\jsr305\3.0.2\jsr305-3.0.2.jar;C:\Users\Surbhi\.m2\repository\org\checkerframework\checker-qual\3.8.0\checker-qual-3.8.0.jar;C:\Users\Surbhi\.m2\repository\com\google\errorprone\error_prone_annotations\2.5.1\error_prone_annotations-2.5.1.jar;C:\Users\Surbhi\.m2\repository\com\google\j2objc\j2objc-annotations\1.3\j2objc-annotations-1.3.jar;C:\Users\Surbhi\.m2\repository\org\brotli\dec\0.1.2\dec-0.1.2.jar;"/>
    <property name="java.vm.vendor" value="Oracle Corporation"/>
    <property name="sun.arch.data.model" value="64"/>
    <property name="user.variant" value=""/>
    <property name="java.vendor.url" value="http://java.oracle.com/"/>
    <property name="user.timezone" value="Asia/Calcutta"/>
    <property name="java.vm.specification.version" value="1.8"/>
    <property name="os.name" value="Windows 10"/>
    <property name="user.country" value="IN"/>
    <property name="sun.java.launcher" value="SUN_STANDARD"/>
    <property name="sun.boot.library.path" value="C:\Program Files\Java\jdk1.8.0_271\jre\bin"/>
    <property name="sun.java.command" value="C:\Users\Surbhi\AppData\Local\Temp\surefire1399299088220042736\surefirebooter2940325405869605698.jar C:\Users\Surbhi\AppData\Local\Temp\surefire1399299088220042736 2022-03-25T00-28-37_077-jvmRun1 surefire795475449420611399tmp surefire_05774503973798724391tmp"/>
    <property name="surefire.test.class.path" value="C:\Users\Surbhi\eclipse-workspace\TestNgFramework\target\test-classes;C:\Users\Surbhi\eclipse-workspace\TestNgFramework\target\classes;C:\Users\Surbhi\.m2\repository\org\seleniumhq\selenium\selenium-java\4.0.0-rc-3\selenium-java-4.0.0-rc-3.jar;C:\Users\Surbhi\.m2\repository\org\seleniumhq\selenium\selenium-api\4.0.0-rc-3\selenium-api-4.0.0-rc-3.jar;C:\Users\Surbhi\.m2\repository\org\seleniumhq\selenium\selenium-chrome-driver\4.0.0-rc-3\selenium-chrome-driver-4.0.0-rc-3.jar;C:\Users\Surbhi\.m2\repository\com\google\auto\service\auto-service-annotations\1.0\auto-service-annotations-1.0.jar;C:\Users\Surbhi\.m2\repository\com\google\auto\service\auto-service\1.0\auto-service-1.0.jar;C:\Users\Surbhi\.m2\repository\com\google\auto\auto-common\1.0\auto-common-1.0.jar;C:\Users\Surbhi\.m2\repository\org\seleniumhq\selenium\selenium-chromium-driver\4.0.0-rc-3\selenium-chromium-driver-4.0.0-rc-3.jar;C:\Users\Surbhi\.m2\repository\org\seleniumhq\selenium\selenium-json\4.0.0-rc-3\selenium-json-4.0.0-rc-3.jar;C:\Users\Surbhi\.m2\repository\org\seleniumhq\selenium\selenium-devtools-v85\4.0.0-rc-3\selenium-devtools-v85-4.0.0-rc-3.jar;C:\Users\Surbhi\.m2\repository\org\seleniumhq\selenium\selenium-devtools-v93\4.0.0-rc-3\selenium-devtools-v93-4.0.0-rc-3.jar;C:\Users\Surbhi\.m2\repository\org\seleniumhq\selenium\selenium-devtools-v94\4.0.0-rc-3\selenium-devtools-v94-4.0.0-rc-3.jar;C:\Users\Surbhi\.m2\repository\org\seleniumhq\selenium\selenium-devtools-v95\4.0.0-rc-3\selenium-devtools-v95-4.0.0-rc-3.jar;C:\Users\Surbhi\.m2\repository\org\seleniumhq\selenium\selenium-edge-driver\4.0.0-rc-3\selenium-edge-driver-4.0.0-rc-3.jar;C:\Users\Surbhi\.m2\repository\org\seleniumhq\selenium\selenium-firefox-driver\4.0.0-rc-3\selenium-firefox-driver-4.0.0-rc-3.jar;C:\Users\Surbhi\.m2\repository\org\seleniumhq\selenium\selenium-firefox-xpi-driver\4.0.0-rc-3\selenium-firefox-xpi-driver-4.0.0-rc-3.jar;C:\Users\Surbhi\.m2\repository\org\seleniumhq\selenium\selenium-ie-driver\4.0.0-rc-3\selenium-ie-driver-4.0.0-rc-3.jar;C:\Users\Surbhi\.m2\repository\org\seleniumhq\selenium\selenium-opera-driver\4.0.0-rc-3\selenium-opera-driver-4.0.0-rc-3.jar;C:\Users\Surbhi\.m2\repository\org\seleniumhq\selenium\selenium-remote-driver\4.0.0-rc-3\selenium-remote-driver-4.0.0-rc-3.jar;C:\Users\Surbhi\.m2\repository\io\netty\netty-buffer\4.1.68.Final\netty-buffer-4.1.68.Final.jar;C:\Users\Surbhi\.m2\repository\io\netty\netty-codec-http\4.1.67.Final\netty-codec-http-4.1.67.Final.jar;C:\Users\Surbhi\.m2\repository\io\netty\netty-codec\4.1.67.Final\netty-codec-4.1.67.Final.jar;C:\Users\Surbhi\.m2\repository\io\netty\netty-handler\4.1.67.Final\netty-handler-4.1.67.Final.jar;C:\Users\Surbhi\.m2\repository\io\netty\netty-common\4.1.68.Final\netty-common-4.1.68.Final.jar;C:\Users\Surbhi\.m2\repository\io\netty\netty-transport-native-epoll\4.1.67.Final\netty-transport-native-epoll-4.1.67.Final.jar;C:\Users\Surbhi\.m2\repository\io\netty\netty-transport-native-kqueue\4.1.67.Final\netty-transport-native-kqueue-4.1.67.Final.jar;C:\Users\Surbhi\.m2\repository\io\netty\netty-transport-native-unix-common\4.1.67.Final\netty-transport-native-unix-common-4.1.67.Final.jar;C:\Users\Surbhi\.m2\repository\io\netty\netty-transport\4.1.68.Final\netty-transport-4.1.68.Final.jar;C:\Users\Surbhi\.m2\repository\io\netty\netty-resolver\4.1.68.Final\netty-resolver-4.1.68.Final.jar;C:\Users\Surbhi\.m2\repository\io\opentelemetry\opentelemetry-api\1.6.0\opentelemetry-api-1.6.0.jar;C:\Users\Surbhi\.m2\repository\io\opentelemetry\opentelemetry-context\1.6.0\opentelemetry-context-1.6.0.jar;C:\Users\Surbhi\.m2\repository\io\opentelemetry\opentelemetry-exporter-logging\1.6.0\opentelemetry-exporter-logging-1.6.0.jar;C:\Users\Surbhi\.m2\repository\io\opentelemetry\opentelemetry-sdk-metrics\1.6.0-alpha\opentelemetry-sdk-metrics-1.6.0-alpha.jar;C:\Users\Surbhi\.m2\repository\io\opentelemetry\opentelemetry-sdk-common\1.6.0\opentelemetry-sdk-common-1.6.0.jar;C:\Users\Surbhi\.m2\repository\io\opentelemetry\opentelemetry-sdk-extension-autoconfigure-spi\1.6.0\opentelemetry-sdk-extension-autoconfigure-spi-1.6.0.jar;C:\Users\Surbhi\.m2\repository\io\opentelemetry\opentelemetry-sdk-extension-autoconfigure\1.6.0-alpha\opentelemetry-sdk-extension-autoconfigure-1.6.0-alpha.jar;C:\Users\Surbhi\.m2\repository\io\opentelemetry\opentelemetry-sdk-trace\1.6.0\opentelemetry-sdk-trace-1.6.0.jar;C:\Users\Surbhi\.m2\repository\io\opentelemetry\opentelemetry-api-metrics\1.6.0-alpha\opentelemetry-api-metrics-1.6.0-alpha.jar;C:\Users\Surbhi\.m2\repository\io\opentelemetry\opentelemetry-sdk\1.6.0\opentelemetry-sdk-1.6.0.jar;C:\Users\Surbhi\.m2\repository\io\opentelemetry\opentelemetry-semconv\1.6.0-alpha\opentelemetry-semconv-1.6.0-alpha.jar;C:\Users\Surbhi\.m2\repository\io\ous\jtoml\2.0.0\jtoml-2.0.0.jar;C:\Users\Surbhi\.m2\repository\net\bytebuddy\byte-buddy\1.11.19\byte-buddy-1.11.19.jar;C:\Users\Surbhi\.m2\repository\org\apache\commons\commons-exec\1.3\commons-exec-1.3.jar;C:\Users\Surbhi\.m2\repository\org\asynchttpclient\async-http-client\2.12.3\async-http-client-2.12.3.jar;C:\Users\Surbhi\.m2\repository\org\asynchttpclient\async-http-client-netty-utils\2.12.3\async-http-client-netty-utils-2.12.3.jar;C:\Users\Surbhi\.m2\repository\io\netty\netty-codec-socks\4.1.60.Final\netty-codec-socks-4.1.60.Final.jar;C:\Users\Surbhi\.m2\repository\io\netty\netty-handler-proxy\4.1.60.Final\netty-handler-proxy-4.1.60.Final.jar;C:\Users\Surbhi\.m2\repository\io\netty\netty-transport-native-epoll\4.1.60.Final\netty-transport-native-epoll-4.1.60.Final-linux-x86_64.jar;C:\Users\Surbhi\.m2\repository\io\netty\netty-transport-native-kqueue\4.1.60.Final\netty-transport-native-kqueue-4.1.60.Final-osx-x86_64.jar;C:\Users\Surbhi\.m2\repository\org\reactivestreams\reactive-streams\1.0.3\reactive-streams-1.0.3.jar;C:\Users\Surbhi\.m2\repository\com\typesafe\netty\netty-reactive-streams\2.0.4\netty-reactive-streams-2.0.4.jar;C:\Users\Surbhi\.m2\repository\com\sun\activation\jakarta.activation\1.2.2\jakarta.activation-1.2.2.jar;C:\Users\Surbhi\.m2\repository\org\seleniumhq\selenium\selenium-http\4.0.0-rc-3\selenium-http-4.0.0-rc-3.jar;C:\Users\Surbhi\.m2\repository\org\seleniumhq\selenium\selenium-safari-driver\4.0.0-rc-3\selenium-safari-driver-4.0.0-rc-3.jar;C:\Users\Surbhi\.m2\repository\org\seleniumhq\selenium\selenium-support\4.0.0-rc-3\selenium-support-4.0.0-rc-3.jar;C:\Users\Surbhi\.m2\repository\org\testng\testng\7.4.0\testng-7.4.0.jar;C:\Users\Surbhi\.m2\repository\com\beust\jcommander\1.78\jcommander-1.78.jar;C:\Users\Surbhi\.m2\repository\org\webjars\jquery\3.5.1\jquery-3.5.1.jar;C:\Users\Surbhi\.m2\repository\io\github\bonigarcia\webdrivermanager\5.0.3\webdrivermanager-5.0.3.jar;C:\Users\Surbhi\.m2\repository\org\slf4j\slf4j-api\1.7.32\slf4j-api-1.7.32.jar;C:\Users\Surbhi\.m2\repository\com\google\code\gson\gson\2.8.8\gson-2.8.8.jar;C:\Users\Surbhi\.m2\repository\org\jsoup\jsoup\1.14.2\jsoup-1.14.2.jar;C:\Users\Surbhi\.m2\repository\com\github\docker-java\docker-java\3.2.12\docker-java-3.2.12.jar;C:\Users\Surbhi\.m2\repository\com\github\docker-java\docker-java-core\3.2.12\docker-java-core-3.2.12.jar;C:\Users\Surbhi\.m2\repository\com\github\docker-java\docker-java-api\3.2.12\docker-java-api-3.2.12.jar;C:\Users\Surbhi\.m2\repository\com\fasterxml\jackson\core\jackson-annotations\2.10.3\jackson-annotations-2.10.3.jar;C:\Users\Surbhi\.m2\repository\commons-io\commons-io\2.6\commons-io-2.6.jar;C:\Users\Surbhi\.m2\repository\org\apache\commons\commons-compress\1.21\commons-compress-1.21.jar;C:\Users\Surbhi\.m2\repository\commons-lang\commons-lang\2.6\commons-lang-2.6.jar;C:\Users\Surbhi\.m2\repository\com\fasterxml\jackson\core\jackson-databind\2.10.3\jackson-databind-2.10.3.jar;C:\Users\Surbhi\.m2\repository\com\fasterxml\jackson\core\jackson-core\2.10.3\jackson-core-2.10.3.jar;C:\Users\Surbhi\.m2\repository\org\bouncycastle\bcpkix-jdk15on\1.64\bcpkix-jdk15on-1.64.jar;C:\Users\Surbhi\.m2\repository\org\bouncycastle\bcprov-jdk15on\1.64\bcprov-jdk15on-1.64.jar;C:\Users\Surbhi\.m2\repository\org\slf4j\jcl-over-slf4j\1.7.30\jcl-over-slf4j-1.7.30.jar;C:\Users\Surbhi\.m2\repository\com\github\docker-java\docker-java-transport-httpclient5\3.2.12\docker-java-transport-httpclient5-3.2.12.jar;C:\Users\Surbhi\.m2\repository\com\github\docker-java\docker-java-transport\3.2.12\docker-java-transport-3.2.12.jar;C:\Users\Surbhi\.m2\repository\org\apache\httpcomponents\client5\httpclient5\5.0.3\httpclient5-5.0.3.jar;C:\Users\Surbhi\.m2\repository\org\apache\httpcomponents\core5\httpcore5\5.0.2\httpcore5-5.0.2.jar;C:\Users\Surbhi\.m2\repository\commons-codec\commons-codec\1.13\commons-codec-1.13.jar;C:\Users\Surbhi\.m2\repository\net\java\dev\jna\jna\5.8.0\jna-5.8.0.jar;C:\Users\Surbhi\.m2\repository\com\google\guava\guava\30.1.1-jre\guava-30.1.1-jre.jar;C:\Users\Surbhi\.m2\repository\com\google\guava\failureaccess\1.0.1\failureaccess-1.0.1.jar;C:\Users\Surbhi\.m2\repository\com\google\guava\listenablefuture\9999.0-empty-to-avoid-conflict-with-guava\listenablefuture-9999.0-empty-to-avoid-conflict-with-guava.jar;C:\Users\Surbhi\.m2\repository\com\google\code\findbugs\jsr305\3.0.2\jsr305-3.0.2.jar;C:\Users\Surbhi\.m2\repository\org\checkerframework\checker-qual\3.8.0\checker-qual-3.8.0.jar;C:\Users\Surbhi\.m2\repository\com\google\errorprone\error_prone_annotations\2.5.1\error_prone_annotations-2.5.1.jar;C:\Users\Surbhi\.m2\repository\com\google\j2objc\j2objc-annotations\1.3\j2objc-annotations-1.3.jar;C:\Users\Surbhi\.m2\repository\org\brotli\dec\0.1.2\dec-0.1.2.jar;"/>
    <property name="sun.cpu.endian" value="little"/>
    <property name="user.home" value="C:\Users\Surbhi"/>
    <property name="user.language" value="en"/>
    <property name="java.specification.vendor" value="Oracle Corporation"/>
    <property name="java.home" value="C:\Program Files\Java\jdk1.8.0_271\jre"/>
    <property name="basedir" value="C:\Users\Surbhi\eclipse-workspace\TestNgFramework"/>
    <property name="file.separator" value="\"/>
    <property name="line.separator" value="&#10;"/>
    <property name="java.vm.specification.vendor" value="Oracle Corporation"/>
    <property name="java.specification.name" value="Java Platform API Specification"/>
    <property name="java.awt.graphicsenv" value="sun.awt.Win32GraphicsEnvironment"/>
    <property name="surefire.real.class.path" value="C:\Users\Surbhi\AppData\Local\Temp\surefire1399299088220042736\surefirebooter2940325405869605698.jar"/>
    <property name="sun.boot.class.path" value="C:\Program Files\Java\jdk1.8.0_271\jre\lib\resources.jar;C:\Program Files\Java\jdk1.8.0_271\jre\lib\rt.jar;C:\Program Files\Java\jdk1.8.0_271\jre\lib\sunrsasign.jar;C:\Program Files\Java\jdk1.8.0_271\jre\lib\jsse.jar;C:\Program Files\Java\jdk1.8.0_271\jre\lib\jce.jar;C:\Program Files\Java\jdk1.8.0_271\jre\lib\charsets.jar;C:\Program Files\Java\jdk1.8.0_271\jre\lib\jfr.jar;C:\Program Files\Java\jdk1.8.0_271\jre\classes"/>
    <property name="user.script" value=""/>
    <property name="sun.management.compiler" value="HotSpot 64-Bit Tiered Compilers"/>
    <property name="java.runtime.version" value="1.8.0_271-b09"/>
    <property name="user.name" value="Surbhi"/>
    <property name="path.separator" value=";"/>
    <property name="os.version" value="10.0"/>
    <property name="java.endorsed.dirs" value="C:\Program Files\Java\jdk1.8.0_271\jre\lib\endorsed"/>
    <property name="java.runtime.name" value="Java(TM) SE Runtime Environment"/>
    <property name="file.encoding" value="Cp1252"/>
    <property name="sun.nio.ch.bugLevel" value=""/>
    <property name="java.vm.name" value="Java HotSpot(TM) 64-Bit Server VM"/>
    <property name="localRepository" value="C:\Users\Surbhi\.m2\repository"/>
    <property name="java.vendor.url.bug" value="http://bugreport.sun.com/bugreport/"/>
    <property name="java.io.tmpdir" value="C:\Users\Surbhi\AppData\Local\Temp\"/>
    <property name="java.version" value="1.8.0_271"/>
    <property name="user.dir" value="C:\Users\Surbhi\eclipse-workspace\TestNgFramework"/>
    <property name="os.arch" value="amd64"/>
    <property name="java.vm.specification.name" value="Java Virtual Machine Specification"/>
    <property name="java.awt.printerjob" value="sun.awt.windows.WPrinterJob"/>
    <property name="sun.os.patch.level" value=""/>
    <property name="java.library.path" value="C:\Program Files\Java\jdk1.8.0_271\jre\bin;C:\WINDOWS\Sun\Java\bin;C:\WINDOWS\system32;C:\WINDOWS;C:\Program Files\Java\jdk1.8.0_271\bin;C:\Windows\system32;C:\Windows;C:\Windows\System32\Wbem;C:\Windows\System32\WindowsPowerShell\v1.0\;C:\Windows\System32\OpenSSH\;C:\Program Files (x86)\NVIDIA Corporation\PhysX\Common;C:\Program Files\Java\jre1.8.0_271\bin;C:\Program Files\Git\cmd;C:\Program Files\nodejs\;C:\Users\Surbhi\AppData\Local\Android\Sdk\platforms;C:\Users\Surbhi\AppData\Local\Android\Sdk\tools;C:\WINDOWS\system32;C:\WINDOWS;C:\WINDOWS\System32\Wbem;C:\WINDOWS\System32\WindowsPowerShell\v1.0\;C:\WINDOWS\System32\OpenSSH\;C:\Users\Surbhi\AppData\Local\Android\Sdk\ndk;C:\Users\Surbhi\AppData\Local\Android\Sdk\ndk-bundle;C:\Users\Surbhi\AppData\Local\Android\Sdk\platform-tools;C:\apache-maven-3.8.3\bin;;C:\Android;C:\Program Files\NVIDIA Corporation\NVIDIA NvDLISR;C:\Users\Surbhi\AppData\Local\Programs\Python\Python39\Scripts\;C:\Users\Surbhi\AppData\Local\Programs\Python\Python39\;C:\Users\Surbhi\AppData\Local\Microsoft\WindowsApps;C:\Users\Surbhi\AppData\Roaming\npm;C:\Users\Surbhi\AppData\Local\Programs\Microsoft VS Code\bin;."/>
    <property name="java.vm.info" value="mixed mode"/>
    <property name="java.vendor" value="Oracle Corporation"/>
    <property name="java.vm.version" value="25.271-b09"/>
    <property name="java.ext.dirs" value="C:\Program Files\Java\jdk1.8.0_271\jre\lib\ext;C:\WINDOWS\Sun\Java\lib\ext"/>
    <property name="sun.io.unicode.encoding" value="UnicodeLittle"/>
    <property name="java.class.version" value="52.0"/>
  </properties>
  <testcase name="testmeothod" classname="testngsample.classoneTest" time="0.003">
    <system-out><![CDATA[this is before suite
This is before test
This is simple test output
]]></system-out>
  </testcase>
  <testcase name="driversetup" classname="testngsample.DependentTest" time="5.729">
    <system-err><![CDATA[SLF4J: Failed to load class "org.slf4j.impl.StaticLoggerBinder".
SLF4J: Defaulting to no-operation (NOP) logger implementation
SLF4J: See http://www.slf4j.org/codes.html#StaticLoggerBinder for further details.
Starting ChromeDriver 99.0.4844.51 (d537ec02474b5afe23684e7963d538896c63ac77-refs/branch-heads/4844@{#875}) on port 54562
Only local connections are allowed.
Please see https://chromedriver.chromium.org/security-considerations for suggestions on keeping ChromeDriver safe.
ChromeDriver was started successfully.
Mar 25, 2022 12:28:44 AM org.openqa.selenium.remote.ProtocolHandshake createSession
INFO: Detected dialect: W3C
Mar 25, 2022 12:28:44 AM org.openqa.selenium.devtools.CdpVersionFinder findNearestMatch
WARNING: Unable to find an exact match for CDP version 99, so returning the closest version found: 95
Mar 25, 2022 12:28:44 AM org.openqa.selenium.devtools.CdpVersionFinder findNearestMatch
INFO: Found CDP implementation for version 99 of 95
]]></system-err>
  </testcase>
  <testcase name="geturl" classname="testngsample.DependentTest" time="0.017">
    <failure message="invalid argument&#10;  (Session info: chrome=99.0.4844.82)&#10;Build info: version: &apos;4.0.0-rc-3&apos;, revision: &apos;5fe1af712f&apos;&#10;System info: host: &apos;LAPTOP-DGIF1VTS&apos;, ip: &apos;192.168.1.5&apos;, os.name: &apos;Windows 10&apos;, os.arch: &apos;amd64&apos;, os.version: &apos;10.0&apos;, java.version: &apos;1.8.0_271&apos;&#10;Driver info: org.openqa.selenium.chrome.ChromeDriver&#10;Command: [1fcffcc137ef938c3f5dfa5f8df66c60, get {url=www.facbook.com}]&#10;Capabilities {acceptInsecureCerts: false, browserName: chrome, browserVersion: 99.0.4844.82, chrome: {chromedriverVersion: 99.0.4844.51 (d537ec02474b5..., userDataDir: C:\Users\Surbhi\AppData\Loc...}, goog:chromeOptions: {debuggerAddress: localhost:55423}, javascriptEnabled: true, networkConnectionEnabled: false, pageLoadStrategy: normal, platform: WINDOWS, platformName: WINDOWS, proxy: Proxy(), se:cdp: ws://localhost:55423/devtoo..., se:cdpVersion: 99.0.4844.82, setWindowRect: true, strictFileInteractability: false, timeouts: {implicit: 0, pageLoad: 300000, script: 30000}, unhandledPromptBehavior: dismiss and notify, webauthn:extension:credBlob: true, webauthn:extension:largeBlob: true, webauthn:virtualAuthenticators: true}&#10;Session ID: 1fcffcc137ef938c3f5dfa5f8df66c60" type="org.openqa.selenium.InvalidArgumentException"><![CDATA[org.openqa.selenium.InvalidArgumentException: 
invalid argument
  (Session info: chrome=99.0.4844.82)
Build info: version: '4.0.0-rc-3', revision: '5fe1af712f'
System info: host: 'LAPTOP-DGIF1VTS', ip: '192.168.1.5', os.name: 'Windows 10', os.arch: 'amd64', os.version: '10.0', java.version: '1.8.0_271'
Driver info: org.openqa.selenium.chrome.ChromeDriver
Command: [1fcffcc137ef938c3f5dfa5f8df66c60, get {url=www.facbook.com}]
Capabilities {acceptInsecureCerts: false, browserName: chrome, browserVersion: 99.0.4844.82, chrome: {chromedriverVersion: 99.0.4844.51 (d537ec02474b5..., userDataDir: C:\Users\Surbhi\AppData\Loc...}, goog:chromeOptions: {debuggerAddress: localhost:55423}, javascriptEnabled: true, networkConnectionEnabled: false, pageLoadStrategy: normal, platform: WINDOWS, platformName: WINDOWS, proxy: Proxy(), se:cdp: ws://localhost:55423/devtoo..., se:cdpVersion: 99.0.4844.82, setWindowRect: true, strictFileInteractability: false, timeouts: {implicit: 0, pageLoad: 300000, script: 30000}, unhandledPromptBehavior: dismiss and notify, webauthn:extension:credBlob: true, webauthn:extension:largeBlob: true, webauthn:virtualAuthenticators: true}
Session ID: 1fcffcc137ef938c3f5dfa5f8df66c60
	at testngsample.DependentTest.geturl(DependentTest.java:35)
]]></failure>
  </testcase>
  <testcase name="gettitle" classname="testngsample.DependentTest" time="0">
    <skipped message="Method DependentTest.gettitle()[pri:0, instance:testngsample.DependentTest@2d8f65a4] depends on not successfully finished methods"/>
  </testcase>
  <testcase name="test" classname="testngsample.HierarchyTest" time="0.001">
    <system-out><![CDATA[this is before class
this is before method
this is test
]]></system-out>
  </testcase>
  <testcase name="aplhaone" classname="testngsample.multipletestcaseTest" time="0.004">
    <system-out><![CDATA[This is after method
this is after class
this is alphaone
]]></system-out>
  </testcase>
  <testcase name="betaaone" classname="testngsample.multipletestcaseTest" time="0.001">
    <system-out><![CDATA[this is betaone
]]></system-out>
  </testcase>
  <testcase name="gamaone" classname="testngsample.multipletestcaseTest" time="0.001">
    <system-out><![CDATA[this is gamaone
]]></system-out>
  </testcase>
  <testcase name="alpha" classname="testngsample.multipletestcaseTest" time="0.001">
    <system-out><![CDATA[this is alpha test
]]></system-out>
  </testcase>
  <testcase name="beta" classname="testngsample.multipletestcaseTest" time="0.001">
    <system-out><![CDATA[this is beta test
]]></system-out>
  </testcase>
  <testcase name="gama" classname="testngsample.multipletestcaseTest" time="0">
    <system-out><![CDATA[this is gama test
]]></system-out>
  </testcase>
</testsuite>