<?xml version="1.0" encoding="UTF-8"?>
<!-- Generated by org.testng.reporters.JUnitReportReporter -->
<testsuite hostname="LAPTOP-DGIF1VTS" failures="0" tests="2" name="TestNGBasics.getStarted" time="0.013" errors="0" timestamp="2022-03-15T00:46:18 IST" skipped="0">
  <testcase classname="TestNGBasics.getStarted" name="start" time="0.008"/>
  <system-out/>
  <testcase classname="TestNGBasics.getStarted" name="test" time="0.005"/>
  <system-out/>
</testsuite> <!-- TestNGBasics.getStarted -->
