<?xml version="1.0" encoding="UTF-8"?>
<!-- Generated by org.testng.reporters.JUnitReportReporter -->
<testsuite hostname="LAPTOP-DGIF1VTS" failures="0" tests="2" name="TestNGBasics.Homeloanforcar" time="0.005" errors="0" timestamp="2022-03-22T00:00:58 IST" skipped="0">
  <testcase classname="TestNGBasics.Homeloanforcar" name="test" time="0.001"/>
  <system-out/>
  <testcase classname="TestNGBasics.Homeloanforcar" name="start" time="0.004"/>
  <system-out/>
</testsuite> <!-- TestNGBasics.Homeloanforcar -->
